#
# There is insufficient memory for the Java Runtime Environment to continue.
# Native memory allocation (mmap) failed to map 157286400 bytes for committing reserved memory.
# Possible reasons:
#   The system is out of physical RAM or swap space
#   In 32 bit mode, the process size limit was hit
# Possible solutions:
#   Reduce memory load on the system
#   Increase physical memory or swap space
#   Check if swap backing store is full
#   Use 64 bit Java on a 64 bit OS
#   Decrease Java heap size (-Xmx/-Xms)
#   Decrease number of Java threads
#   Decrease Java thread stack sizes (-Xss)
#   Set larger code cache with -XX:ReservedCodeCacheSize=
# This output file may be truncated or incomplete.
#
#  Out of Memory Error (os_linux.cpp:2627), pid=6929, tid=140093557749504
#
# JRE version: Java(TM) SE Runtime Environment (8.0_77-b03) (build 1.8.0_77-b03)
# Java VM: Java HotSpot(TM) 64-Bit Server VM (25.77-b03 mixed mode linux-amd64 compressed oops)
# Failed to write core dump. Core dumps have been disabled. To enable core dumping, try "ulimit -c unlimited" before starting Java again
#

---------------  T H R E A D  ---------------

Current thread (0x00007f6a38080800):  VMThread [stack: 0x00007f6a12aeb000,0x00007f6a12bec000] [id=6940]

Stack: [0x00007f6a12aeb000,0x00007f6a12bec000],  sp=0x00007f6a12bea280,  free space=1020k
Native frames: (J=compiled Java code, j=interpreted, Vv=VM code, C=native code)
V  [libjvm.so+0xaba7ea]  VMError::report_and_die()+0x2ba
V  [libjvm.so+0x4f9e3b]  report_vm_out_of_memory(char const*, int, unsigned long, VMErrorType, char const*)+0x8b
V  [libjvm.so+0x91b613]  os::Linux::commit_memory_impl(char*, unsigned long, bool)+0x103
V  [libjvm.so+0x91bb69]  os::pd_commit_memory(char*, unsigned long, unsigned long, bool)+0x29
V  [libjvm.so+0x915e6a]  os::commit_memory(char*, unsigned long, unsigned long, bool)+0x2a
V  [libjvm.so+0x989543]  PSVirtualSpace::expand_by(unsigned long)+0x53
V  [libjvm.so+0x98a948]  PSYoungGen::resize_generation(unsigned long, unsigned long)+0xf8
V  [libjvm.so+0x989aa2]  PSYoungGen::resize(unsigned long, unsigned long)+0x22
V  [libjvm.so+0x986d7b]  PSScavenge::invoke_no_policy()+0xf3b
V  [libjvm.so+0x982025]  PSParallelCompact::invoke(bool)+0x85
V  [libjvm.so+0x480fa4]  CollectedHeap::collect_as_vm_thread(GCCause::Cause)+0x114
V  [libjvm.so+0xabbc61]  VM_CollectForMetadataAllocation::doit()+0x161
V  [libjvm.so+0xac3c35]  VM_Operation::evaluate()+0x55
V  [libjvm.so+0xac200a]  VMThread::evaluate_operation(VM_Operation*)+0xba
V  [libjvm.so+0xac238e]  VMThread::loop()+0x1ce
V  [libjvm.so+0xac2800]  VMThread::run()+0x70
V  [libjvm.so+0x91d9d8]  java_start(Thread*)+0x108

VM_Operation (0x00007f6a11dfe9e0): CollectForMetadataAllocation, mode: safepoint, requested by thread 0x00007f6a380c8800


---------------  P R O C E S S  ---------------

Java Threads: ( => current thread )
  0x00007f6a3868f800 JavaThread "process reaper" daemon [_thread_blocked, id=6951, stack(0x00007f6a11660000,0x00007f6a11699000)]
  0x00007f6a380d3800 JavaThread "Service Thread" daemon [_thread_blocked, id=6948, stack(0x00007f6a11bff000,0x00007f6a11d00000)]
  0x00007f6a380c8800 JavaThread "C1 CompilerThread3" daemon [_thread_blocked, id=6947, stack(0x00007f6a11d00000,0x00007f6a11e01000)]
  0x00007f6a380c6800 JavaThread "C2 CompilerThread2" daemon [_thread_blocked, id=6946, stack(0x00007f6a11e01000,0x00007f6a11f02000)]
  0x00007f6a380c4800 JavaThread "C2 CompilerThread1" daemon [_thread_blocked, id=6945, stack(0x00007f6a11f02000,0x00007f6a12003000)]
  0x00007f6a380c1800 JavaThread "C2 CompilerThread0" daemon [_thread_blocked, id=6944, stack(0x00007f6a12003000,0x00007f6a12104000)]
  0x00007f6a380c0000 JavaThread "Signal Dispatcher" daemon [_thread_blocked, id=6943, stack(0x00007f6a12104000,0x00007f6a12205000)]
  0x00007f6a3808c800 JavaThread "Finalizer" daemon [_thread_blocked, id=6942, stack(0x00007f6a128e9000,0x00007f6a129ea000)]
  0x00007f6a38088000 JavaThread "Reference Handler" daemon [_thread_blocked, id=6941, stack(0x00007f6a129ea000,0x00007f6a12aeb000)]
  0x00007f6a3800a000 JavaThread "main" [_thread_blocked, id=6931, stack(0x00007f6a405aa000,0x00007f6a406ab000)]

Other Threads:
=>0x00007f6a38080800 VMThread [stack: 0x00007f6a12aeb000,0x00007f6a12bec000] [id=6940]
  0x00007f6a380d6800 WatcherThread [stack: 0x00007f6a11afe000,0x00007f6a11bff000] [id=6949]

VM state:at safepoint (normal execution)

VM Mutex/Monitor currently owned by a thread:  ([mutex/lock_event])
[0x00007f6a380061c0] Threads_lock - owner thread: 0x00007f6a38080800
[0x00007f6a380066c0] Heap_lock - owner thread: 0x00007f6a380c8800
[0x00007f6a38006c40] MethodData_lock - owner thread: 0x00007f6a380c8800

Heap:
 PSYoungGen      total 132096K, used 5120K [0x00000000d6b00000, 0x00000000df100000, 0x0000000100000000)
  eden space 126976K, 0% used [0x00000000d6b00000,0x00000000d6b00000,0x00000000de700000)
  from space 5120K, 100% used [0x00000000de700000,0x00000000dec00000,0x00000000dec00000)
  to   space 5120K, 0% used [0x00000000dec00000,0x00000000dec00000,0x00000000df100000)
 ParOldGen       total 84992K, used 22798K [0x0000000084000000, 0x0000000089300000, 0x00000000d6b00000)
  object space 84992K, 26% used [0x0000000084000000,0x0000000085643b68,0x0000000089300000)
 Metaspace       used 20551K, capacity 21146K, committed 21296K, reserved 1069056K
  class space    used 2429K, capacity 2607K, committed 2688K, reserved 1048576K

Card table byte_map: [0x00007f6a3cf93000,0x00007f6a3d374000] byte_map_base: 0x00007f6a3cb73000

Marking Bits: (ParMarkBitMap*) 0x00007f6a3fa8b100
 Begin Bits: [0x00007f6a18200000, 0x00007f6a1a100000)
 End Bits:   [0x00007f6a1a100000, 0x00007f6a1c000000)

Polling page: 0x00007f6a406d8000

CodeCache: size=245760Kb used=13746Kb max_used=13758Kb free=232013Kb
 bounds [0x00007f6a29000000, 0x00007f6a29d80000, 0x00007f6a38000000]
 total_blobs=4054 nmethods=3684 adapters=283
 compilation: enabled

Compilation events (10 events):
Event: 3,900 Thread 0x00007f6a380c8800 nmethod 3697 0x00007f6a29d5a8d0 code [0x00007f6a29d5aa20, 0x00007f6a29d5ab30]
Event: 3,900 Thread 0x00007f6a380c8800 3694       3       com.sun.tools.javac.tree.JCTree$JCBlock::getTag (4 bytes)
Event: 3,900 Thread 0x00007f6a380c8800 nmethod 3694 0x00007f6a29d73c10 code [0x00007f6a29d73d80, 0x00007f6a29d73ed0]
Event: 3,900 Thread 0x00007f6a380c8800 3698       3       com.sun.tools.javac.util.Bits::sizeTo (22 bytes)
Event: 3,900 Thread 0x00007f6a380c1800 3699       4       com.sun.tools.javac.code.Symbol$ClassSymbol::erasure (38 bytes)
Event: 3,901 Thread 0x00007f6a380c8800 nmethod 3698 0x00007f6a29d734d0 code [0x00007f6a29d73660, 0x00007f6a29d73a68]
Event: 3,901 Thread 0x00007f6a380c8800 3700       3       com.sun.tools.javac.jvm.Items$Item::coerce (99 bytes)
Event: 3,901 Thread 0x00007f6a380c6800 3703       4       com.sun.tools.javac.code.Types$UnaryVisitor::visit (7 bytes)
Event: 3,902 Thread 0x00007f6a380c6800 nmethod 3703 0x00007f6a29d73190 code [0x00007f6a29d732e0, 0x00007f6a29d73398]
Event: 3,904 Thread 0x00007f6a380c1800 nmethod 3699 0x00007f6a29d728d0 code [0x00007f6a29d72a60, 0x00007f6a29d72d78]

GC Heap History (9 events):
Event: 0,725 GC heap before
{Heap before GC invocations=1 (full 0):
 PSYoungGen      total 36864K, used 31744K [0x00000000d6b00000, 0x00000000d9400000, 0x0000000100000000)
  eden space 31744K, 100% used [0x00000000d6b00000,0x00000000d8a00000,0x00000000d8a00000)
  from space 5120K, 0% used [0x00000000d8f00000,0x00000000d8f00000,0x00000000d9400000)
  to   space 5120K, 0% used [0x00000000d8a00000,0x00000000d8a00000,0x00000000d8f00000)
 ParOldGen       total 84992K, used 0K [0x0000000084000000, 0x0000000089300000, 0x00000000d6b00000)
  object space 84992K, 0% used [0x0000000084000000,0x0000000084000000,0x0000000089300000)
 Metaspace       used 7789K, capacity 8020K, committed 8320K, reserved 1056768K
  class space    used 982K, capacity 1054K, committed 1152K, reserved 1048576K
Event: 0,736 GC heap after
Heap after GC invocations=1 (full 0):
 PSYoungGen      total 36864K, used 4787K [0x00000000d6b00000, 0x00000000db300000, 0x0000000100000000)
  eden space 31744K, 0% used [0x00000000d6b00000,0x00000000d6b00000,0x00000000d8a00000)
  from space 5120K, 93% used [0x00000000d8a00000,0x00000000d8eacfa8,0x00000000d8f00000)
  to   space 5120K, 0% used [0x00000000dae00000,0x00000000dae00000,0x00000000db300000)
 ParOldGen       total 84992K, used 8K [0x0000000084000000, 0x0000000089300000, 0x00000000d6b00000)
  object space 84992K, 0% used [0x0000000084000000,0x0000000084002000,0x0000000089300000)
 Metaspace       used 7789K, capacity 8020K, committed 8320K, reserved 1056768K
  class space    used 982K, capacity 1054K, committed 1152K, reserved 1048576K
}
Event: 1,295 GC heap before
{Heap before GC invocations=2 (full 0):
 PSYoungGen      total 36864K, used 36531K [0x00000000d6b00000, 0x00000000db300000, 0x0000000100000000)
  eden space 31744K, 100% used [0x00000000d6b00000,0x00000000d8a00000,0x00000000d8a00000)
  from space 5120K, 93% used [0x00000000d8a00000,0x00000000d8eacfa8,0x00000000d8f00000)
  to   space 5120K, 0% used [0x00000000dae00000,0x00000000dae00000,0x00000000db300000)
 ParOldGen       total 84992K, used 8K [0x0000000084000000, 0x0000000089300000, 0x00000000d6b00000)
  object space 84992K, 0% used [0x0000000084000000,0x0000000084002000,0x0000000089300000)
 Metaspace       used 12975K, capacity 13266K, committed 13568K, reserved 1060864K
  class space    used 1598K, capacity 1693K, committed 1792K, reserved 1048576K
Event: 1,315 GC heap after
Heap after GC invocations=2 (full 0):
 PSYoungGen      total 68608K, used 5098K [0x00000000d6b00000, 0x00000000db300000, 0x0000000100000000)
  eden space 63488K, 0% used [0x00000000d6b00000,0x00000000d6b00000,0x00000000da900000)
  from space 5120K, 99% used [0x00000000dae00000,0x00000000db2faa98,0x00000000db300000)
  to   space 5120K, 0% used [0x00000000da900000,0x00000000da900000,0x00000000dae00000)
 ParOldGen       total 84992K, used 1661K [0x0000000084000000, 0x0000000089300000, 0x00000000d6b00000)
  object space 84992K, 1% used [0x0000000084000000,0x000000008419f568,0x0000000089300000)
 Metaspace       used 12975K, capacity 13266K, committed 13568K, reserved 1060864K
  class space    used 1598K, capacity 1693K, committed 1792K, reserved 1048576K
}
Event: 1,963 GC heap before
{Heap before GC invocations=3 (full 0):
 PSYoungGen      total 68608K, used 68586K [0x00000000d6b00000, 0x00000000db300000, 0x0000000100000000)
  eden space 63488K, 100% used [0x00000000d6b00000,0x00000000da900000,0x00000000da900000)
  from space 5120K, 99% used [0x00000000dae00000,0x00000000db2faa98,0x00000000db300000)
  to   space 5120K, 0% used [0x00000000da900000,0x00000000da900000,0x00000000dae00000)
 ParOldGen       total 84992K, used 1661K [0x0000000084000000, 0x0000000089300000, 0x00000000d6b00000)
  object space 84992K, 1% used [0x0000000084000000,0x000000008419f568,0x0000000089300000)
 Metaspace       used 13995K, capacity 14400K, committed 14720K, reserved 1062912K
  class space    used 1690K, capacity 1806K, committed 1920K, reserved 1048576K
Event: 1,976 GC heap after
Heap after GC invocations=3 (full 0):
 PSYoungGen      total 68608K, used 5104K [0x00000000d6b00000, 0x00000000df100000, 0x0000000100000000)
  eden space 63488K, 0% used [0x00000000d6b00000,0x00000000d6b00000,0x00000000da900000)
  from space 5120K, 99% used [0x00000000da900000,0x00000000dadfc030,0x00000000dae00000)
  to   space 5120K, 0% used [0x00000000dec00000,0x00000000dec00000,0x00000000df100000)
 ParOldGen       total 84992K, used 4086K [0x0000000084000000, 0x0000000089300000, 0x00000000d6b00000)
  object space 84992K, 4% used [0x0000000084000000,0x00000000843fd970,0x0000000089300000)
 Metaspace       used 13995K, capacity 14400K, committed 14720K, reserved 1062912K
  class space    used 1690K, capacity 1806K, committed 1920K, reserved 1048576K
}
Event: 2,492 GC heap before
{Heap before GC invocations=4 (full 0):
 PSYoungGen      total 68608K, used 68592K [0x00000000d6b00000, 0x00000000df100000, 0x0000000100000000)
  eden space 63488K, 100% used [0x00000000d6b00000,0x00000000da900000,0x00000000da900000)
  from space 5120K, 99% used [0x00000000da900000,0x00000000dadfc030,0x00000000dae00000)
  to   space 5120K, 0% used [0x00000000dec00000,0x00000000dec00000,0x00000000df100000)
 ParOldGen       total 84992K, used 4086K [0x0000000084000000, 0x0000000089300000, 0x00000000d6b00000)
  object space 84992K, 4% used [0x0000000084000000,0x00000000843fd970,0x0000000089300000)
 Metaspace       used 14760K, capacity 15206K, committed 15488K, reserved 1062912K
  class space    used 1747K, capacity 1880K, committed 1920K, reserved 1048576K
Event: 2,508 GC heap after
Heap after GC invocations=4 (full 0):
 PSYoungGen      total 132096K, used 5088K [0x00000000d6b00000, 0x00000000df100000, 0x0000000100000000)
  eden space 126976K, 0% used [0x00000000d6b00000,0x00000000d6b00000,0x00000000de700000)
  from space 5120K, 99% used [0x00000000dec00000,0x00000000df0f8020,0x00000000df100000)
  to   space 5120K, 0% used [0x00000000de700000,0x00000000de700000,0x00000000dec00000)
 ParOldGen       total 84992K, used 7360K [0x0000000084000000, 0x0000000089300000, 0x00000000d6b00000)
  object space 84992K, 8% used [0x0000000084000000,0x0000000084730250,0x0000000089300000)
 Metaspace       used 14760K, capacity 15206K, committed 15488K, reserved 1062912K
  class space    used 1747K, capacity 1880K, committed 1920K, reserved 1048576K
}
Event: 3,915 GC heap before
{Heap before GC invocations=5 (full 0):
 PSYoungGen      total 132096K, used 125310K [0x00000000d6b00000, 0x00000000df100000, 0x0000000100000000)
  eden space 126976K, 94% used [0x00000000d6b00000,0x00000000de067b58,0x00000000de700000)
  from space 5120K, 99% used [0x00000000dec00000,0x00000000df0f8020,0x00000000df100000)
  to   space 5120K, 0% used [0x00000000de700000,0x00000000de700000,0x00000000dec00000)
 ParOldGen       total 84992K, used 7360K [0x0000000084000000, 0x0000000089300000, 0x00000000d6b00000)
  object space 84992K, 8% used [0x0000000084000000,0x0000000084730250,0x0000000089300000)
 Metaspace       used 20551K, capacity 21146K, committed 21296K, reserved 1069056K
  class space    used 2429K, capacity 2607K, committed 2688K, reserved 1048576K

Deoptimization events (10 events):
Event: 3,599 Thread 0x00007f6a3800a000 Uncommon trap: reason=unstable_if action=reinterpret pc=0x00007f6a29c7d87c method=com.sun.tools.javac.util.ArrayUtils.ensureCapacity([BI)[B @ 3
Event: 3,650 Thread 0x00007f6a3800a000 Uncommon trap: reason=bimorphic action=maybe_recompile pc=0x00007f6a29c98954 method=com.sun.tools.javac.code.Scope.lookup(Lcom/sun/tools/javac/util/Name;Lcom/sun/tools/javac/util/Filter;)Lcom/sun/tools/javac/code/Scope$Entry; @ 49
Event: 3,651 Thread 0x00007f6a3800a000 Uncommon trap: reason=bimorphic action=maybe_recompile pc=0x00007f6a29c98954 method=com.sun.tools.javac.code.Scope.lookup(Lcom/sun/tools/javac/util/Name;Lcom/sun/tools/javac/util/Filter;)Lcom/sun/tools/javac/code/Scope$Entry; @ 49
Event: 3,654 Thread 0x00007f6a3800a000 Uncommon trap: reason=bimorphic action=maybe_recompile pc=0x00007f6a29c98954 method=com.sun.tools.javac.code.Scope.lookup(Lcom/sun/tools/javac/util/Name;Lcom/sun/tools/javac/util/Filter;)Lcom/sun/tools/javac/code/Scope$Entry; @ 49
Event: 3,654 Thread 0x00007f6a3800a000 Uncommon trap: reason=bimorphic action=maybe_recompile pc=0x00007f6a29c98954 method=com.sun.tools.javac.code.Scope.lookup(Lcom/sun/tools/javac/util/Name;Lcom/sun/tools/javac/util/Filter;)Lcom/sun/tools/javac/code/Scope$Entry; @ 49
Event: 3,675 Thread 0x00007f6a3800a000 Uncommon trap: reason=unstable_if action=reinterpret pc=0x00007f6a29cd54d0 method=com.sun.tools.javac.code.Scope.lookup(Lcom/sun/tools/javac/util/Name;Lcom/sun/tools/javac/util/Filter;)Lcom/sun/tools/javac/code/Scope$Entry; @ 54
Event: 3,816 Thread 0x00007f6a3800a000 Uncommon trap: reason=unstable_if action=reinterpret pc=0x00007f6a29cae120 method=com.sun.tools.javac.code.Scope.enter(Lcom/sun/tools/javac/code/Symbol;Lcom/sun/tools/javac/code/Scope;Lcom/sun/tools/javac/code/Scope;Z)V @ 116
Event: 3,863 Thread 0x00007f6a3800a000 Uncommon trap: reason=unstable_if action=reinterpret pc=0x00007f6a29b186dc method=com.sun.tools.javac.util.IntHashTable.lookup(Ljava/lang/Object;I)I @ 67
Event: 3,863 Thread 0x00007f6a3800a000 Uncommon trap: reason=unstable_if action=reinterpret pc=0x00007f6a29b1ab54 method=com.sun.tools.javac.util.IntHashTable.putAtIndex(Ljava/lang/Object;II)I @ 18
Event: 3,896 Thread 0x00007f6a3800a000 Uncommon trap: reason=unstable_if action=reinterpret pc=0x00007f6a29cc53ac method=com.sun.tools.javac.util.ListBuffer.append(Ljava/lang/Object;)Lcom/sun/tools/javac/util/ListBuffer; @ 9

Internal exceptions (10 events):
Event: 3,073 Thread 0x00007f6a3800a000 Exception <a 'java/security/PrivilegedActionException'> (0x00000000dbbd3230) thrown at [/HUDSON/workspace/8-2-build-linux-amd64/jdk8u77/6540/hotspot/src/share/vm/prims/jvm.cpp, line 1386]
Event: 3,073 Thread 0x00007f6a3800a000 Exception <a 'java/security/PrivilegedActionException'> (0x00000000dbbd4308) thrown at [/HUDSON/workspace/8-2-build-linux-amd64/jdk8u77/6540/hotspot/src/share/vm/prims/jvm.cpp, line 1386]
Event: 3,073 Thread 0x00007f6a3800a000 Exception <a 'java/security/PrivilegedActionException'> (0x00000000dbbd4700) thrown at [/HUDSON/workspace/8-2-build-linux-amd64/jdk8u77/6540/hotspot/src/share/vm/prims/jvm.cpp, line 1386]
Event: 3,234 Thread 0x00007f6a3800a000 Exception <a 'java/io/FileNotFoundException'> (0x00000000dc31e5f0) thrown at [/HUDSON/workspace/8-2-build-linux-amd64/jdk8u77/6540/hotspot/src/share/vm/prims/jni.cpp, line 709]
Event: 3,239 Thread 0x00007f6a3800a000 Exception <a 'java/io/FileNotFoundException'> (0x00000000dc3531c0) thrown at [/HUDSON/workspace/8-2-build-linux-amd64/jdk8u77/6540/hotspot/src/share/vm/prims/jni.cpp, line 709]
Event: 3,276 Thread 0x00007f6a3800a000 Exception <a 'java/io/FileNotFoundException'> (0x00000000dcac29f8) thrown at [/HUDSON/workspace/8-2-build-linux-amd64/jdk8u77/6540/hotspot/src/share/vm/prims/jni.cpp, line 709]
Event: 3,276 Thread 0x00007f6a3800a000 Exception <a 'java/io/FileNotFoundException'> (0x00000000dcac39b0) thrown at [/HUDSON/workspace/8-2-build-linux-amd64/jdk8u77/6540/hotspot/src/share/vm/prims/jni.cpp, line 709]
Event: 3,277 Thread 0x00007f6a3800a000 Exception <a 'java/io/FileNotFoundException'> (0x00000000dcae46c8) thrown at [/HUDSON/workspace/8-2-build-linux-amd64/jdk8u77/6540/hotspot/src/share/vm/prims/jni.cpp, line 709]
Event: 3,277 Thread 0x00007f6a3800a000 Exception <a 'java/io/FileNotFoundException'> (0x00000000dcae55c8) thrown at [/HUDSON/workspace/8-2-build-linux-amd64/jdk8u77/6540/hotspot/src/share/vm/prims/jni.cpp, line 709]
Event: 3,277 Thread 0x00007f6a3800a000 Exception <a 'java/io/FileNotFoundException'> (0x00000000dcae6510) thrown at [/HUDSON/workspace/8-2-build-linux-amd64/jdk8u77/6540/hotspot/src/share/vm/prims/jni.cpp, line 709]

Events (10 events):
Event: 3,880 loading class com/sun/tools/javac/jvm/ClassWriter$StackMapTableFrame$AppendFrame
Event: 3,880 loading class com/sun/tools/javac/jvm/ClassWriter$StackMapTableFrame$AppendFrame done
Event: 3,885 loading class com/sun/tools/javac/jvm/ClassWriter$StackMapTableFrame$ChopFrame
Event: 3,885 loading class com/sun/tools/javac/jvm/ClassWriter$StackMapTableFrame$ChopFrame done
Event: 3,892 loading class com/sun/tools/javac/jvm/ClassWriter$StackMapTableFrame$FullFrame
Event: 3,892 loading class com/sun/tools/javac/jvm/ClassWriter$StackMapTableFrame$FullFrame done
Event: 3,896 Thread 0x00007f6a3800a000 Uncommon trap: trap_request=0xffffff65 fr.pc=0x00007f6a29cc53ac
Event: 3,896 Thread 0x00007f6a3800a000 DEOPT PACKING pc=0x00007f6a29cc53ac sp=0x00007f6a406a7880
Event: 3,896 Thread 0x00007f6a3800a000 DEOPT UNPACKING pc=0x00007f6a29005229 sp=0x00007f6a406a7840 mode 2
Event: 3,909 Executing VM operation: CollectForMetadataAllocation


Dynamic libraries:
00400000-00401000 r-xp 00000000 08:01 7869736                            /usr/lib/jvm/java-8-oracle/bin/java
00600000-00601000 rw-p 00000000 08:01 7869736                            /usr/lib/jvm/java-8-oracle/bin/java
023c5000-023e6000 rw-p 00000000 00:00 0                                  [heap]
84000000-89300000 rw-p 00000000 00:00 0 
89300000-d6b00000 ---p 00000000 00:00 0 
d6b00000-df100000 rw-p 00000000 00:00 0 
e8700000-100000000 ---p 00000000 00:00 0 
100000000-1002a0000 rw-p 00000000 00:00 0 
1002a0000-140000000 ---p 00000000 00:00 0 
7f69cc000000-7f69cc021000 rw-p 00000000 00:00 0 
7f69cc021000-7f69d0000000 ---p 00000000 00:00 0 
7f69d4000000-7f69d4021000 rw-p 00000000 00:00 0 
7f69d4021000-7f69d8000000 ---p 00000000 00:00 0 
7f69d8000000-7f69d8021000 rw-p 00000000 00:00 0 
7f69d8021000-7f69dc000000 ---p 00000000 00:00 0 
7f69dc000000-7f69dd1b2000 rw-p 00000000 00:00 0 
7f69dd1b2000-7f69e0000000 ---p 00000000 00:00 0 
7f69e0000000-7f69e1019000 rw-p 00000000 00:00 0 
7f69e1019000-7f69e4000000 ---p 00000000 00:00 0 
7f69e4000000-7f69e541c000 rw-p 00000000 00:00 0 
7f69e541c000-7f69e8000000 ---p 00000000 00:00 0 
7f69e8000000-7f69e9c84000 rw-p 00000000 00:00 0 
7f69e9c84000-7f69ec000000 ---p 00000000 00:00 0 
7f69ec000000-7f69ec021000 rw-p 00000000 00:00 0 
7f69ec021000-7f69f0000000 ---p 00000000 00:00 0 
7f69f0000000-7f69f0021000 rw-p 00000000 00:00 0 
7f69f0021000-7f69f4000000 ---p 00000000 00:00 0 
7f69f4000000-7f69f428b000 rw-p 00000000 00:00 0 
7f69f428b000-7f69f8000000 ---p 00000000 00:00 0 
7f69f8000000-7f69f8021000 rw-p 00000000 00:00 0 
7f69f8021000-7f69fc000000 ---p 00000000 00:00 0 
7f69fc000000-7f69fc021000 rw-p 00000000 00:00 0 
7f69fc021000-7f6a00000000 ---p 00000000 00:00 0 
7f6a04000000-7f6a04021000 rw-p 00000000 00:00 0 
7f6a04021000-7f6a08000000 ---p 00000000 00:00 0 
7f6a08000000-7f6a08021000 rw-p 00000000 00:00 0 
7f6a08021000-7f6a0c000000 ---p 00000000 00:00 0 
7f6a0c000000-7f6a0c021000 rw-p 00000000 00:00 0 
7f6a0c021000-7f6a10000000 ---p 00000000 00:00 0 
7f6a1041b000-7f6a10448000 rw-p 00000000 00:00 0 
7f6a10448000-7f6a1061c000 ---p 00000000 00:00 0 
7f6a1061c000-7f6a10623000 r--s 00000000 08:01 7212880                    /usr/lib/x86_64-linux-gnu/gconv/gconv-modules.cache
7f6a10623000-7f6a10645000 r--p 00000000 08:01 7736252                    /usr/share/locale-langpack/pt_BR/LC_MESSAGES/libc.mo
7f6a10645000-7f6a10669000 r--s 00341000 08:01 3408687                    /home/danilo/.m2/repository/eclipse/jdtcore/3.1.0/jdtcore-3.1.0.jar
7f6a10669000-7f6a10671000 r--s 00028000 08:01 3408679                    /home/danilo/.m2/repository/xml-apis/xml-apis/1.3.02/xml-apis-1.3.02.jar
7f6a10671000-7f6a10681000 r--s 0013f000 08:01 3408642                    /home/danilo/.m2/repository/jfree/jfreechart/1.0.12/jfreechart-1.0.12.jar
7f6a10681000-7f6a10687000 r--s 00046000 08:01 3408641                    /home/danilo/.m2/repository/jfree/jcommon/1.0.15/jcommon-1.0.15.jar
7f6a10687000-7f6a106a6000 r--s 00138000 08:01 3410149                    /home/danilo/.m2/repository/bouncycastle/bcprov-jdk14/136/bcprov-jdk14-136.jar
7f6a106a6000-7f6a106ab000 r--s 0002a000 08:01 3410147                    /home/danilo/.m2/repository/bouncycastle/bcmail-jdk14/136/bcmail-jdk14-136.jar
7f6a106ab000-7f6a106b6000 r--s 000f6000 08:01 3409086                    /home/danilo/.m2/repository/com/lowagie/itext/2.1.0/itext-2.1.0.jar
7f6a106b6000-7f6a106b7000 r--s 00006000 08:01 3277008                    /home/danilo/.m2/repository/commons-logging/commons-logging/1.0.2/commons-logging-1.0.2.jar
7f6a106b7000-7f6a106bb000 r--s 0001f000 08:01 3410141                    /home/danilo/.m2/repository/commons-digester/commons-digester/1.7/commons-digester-1.7.jar
7f6a106bb000-7f6a106c1000 r--s 00023000 08:01 3278595                    /home/danilo/.m2/repository/commons-collections/commons-collections/2.1/commons-collections-2.1.jar
7f6a106c1000-7f6a106c6000 r--s 00034000 08:01 3408619                    /home/danilo/.m2/repository/commons-beanutils/commons-beanutils/1.8.0/commons-beanutils-1.8.0.jar
7f6a106c6000-7f6a106f1000 r--s 0023e000 08:01 3277013                    /home/danilo/.m2/repository/jasperreports/jasperreports/3.5.3/jasperreports-3.5.3.jar
7f6a106f1000-7f6a106f5000 r--s 0002e000 08:01 3277009                    /home/danilo/.m2/repository/javax/mail/javax.mail-api/1.5.5/javax.mail-api-1.5.5.jar
7f6a106f5000-7f6a10717000 r--s 00120000 08:01 3408908                    /home/danilo/.m2/repository/javax/javaee-web-api/7.0/javaee-web-api-7.0.jar
7f6a10717000-7f6a10721000 r--s 000e7000 08:01 3540666                    /home/danilo/.m2/repository/mysql/mysql-connector-java/5.1.38/mysql-connector-java-5.1.38.jar
7f6a10721000-7f6a10722000 r--s 00006000 08:01 3670569                    /home/danilo/.m2/repository/org/jboss/spec/javax/transaction/jboss-transaction-api_1.2_spec/1.0.0.Final/jboss-transaction-api_1.2_spec-1.0.0.Final.jar
7f6a10722000-7f6a10723000 r--s 00002000 08:01 3670875                    /home/danilo/.m2/repository/org/jboss/logging/jboss-logging-annotations/1.2.0.Beta1/jboss-logging-annotations-1.2.0.Beta1.jar
7f6a10723000-7f6a10731000 r--s 00090000 08:01 5245017                    /home/danilo/.m2/repository/org/hibernate/hibernate-entitymanager/4.3.1.Final/hibernate-entitymanager-4.3.1.Final.jar
7f6a10731000-7f6a1075a000 r--s 002d6000 08:01 5246910                    /home/danilo/.m2/repository/org/glassfish/javax.faces/2.2.13/javax.faces-2.2.13.jar
7f6a1075a000-7f6a10786000 r--s 00318000 08:01 3278455                    /home/danilo/.m2/repository/org/primefaces/primefaces/5.3/primefaces-5.3.jar
7f6a10786000-7f6a10789000 r--s 00010000 08:01 5113707                    /home/danilo/.m2/repository/org/hibernate/common/hibernate-commons-annotations/5.0.1.Final/hibernate-commons-annotations-5.0.1.Final.jar
7f6a10789000-7f6a1078e000 r--s 00048000 08:01 3278490                    /home/danilo/.m2/repository/dom4j/dom4j/1.6.1/dom4j-1.6.1.jar
7f6a1078e000-7f6a10790000 r--s 0000e000 08:01 4195265                    /home/danilo/.m2/repository/com/fasterxml/classmate/1.3.0/classmate-1.3.0.jar
7f6a10790000-7f6a10793000 r--s 0002b000 08:01 4984403                    /home/danilo/.m2/repository/org/jboss/jandex/2.0.0.Final/jandex-2.0.0.Final.jar
7f6a10793000-7f6a10794000 r--s 00003000 08:01 5244751                    /home/danilo/.m2/repository/org/apache/geronimo/specs/geronimo-jta_1.1_spec/1.1.1/geronimo-jta_1.1_spec-1.1.1.jar
7f6a10794000-7f6a10799000 r--s 00068000 08:01 3671063                    /home/danilo/.m2/repository/antlr/antlr/2.7.7/antlr-2.7.7.jar
7f6a10799000-7f6a107a3000 r--s 000ae000 08:01 4195264                    /home/danilo/.m2/repository/org/javassist/javassist/3.20.0-GA/javassist-3.20.0-GA.jar
7f6a107a3000-7f6a107a8000 r--s 00017000 08:01 3671045                    /home/danilo/.m2/repository/org/hibernate/javax/persistence/hibernate-jpa-2.1-api/1.0.0.Final/hibernate-jpa-2.1-api-1.0.0.Final.jar
7f6a107a8000-7f6a107aa000 r--s 0000f000 08:01 5244750                    /home/danilo/.m2/repository/org/jboss/logging/jboss-logging/3.3.0.Final/jboss-logging-3.3.0.Final.jar
7f6a107aa000-7f6a10815000 r--s 00500000 08:01 4195263                    /home/danilo/.m2/repository/org/hibernate/hibernate-core/5.1.0.Final/hibernate-core-5.1.0.Final.jar
7f6a10815000-7f6a10a15000 rw-p 00000000 00:00 0 
7f6a10a15000-7f6a10c15000 rw-p 00000000 00:00 0 
7f6a10c15000-7f6a10c8e000 r--s 010e3000 08:01 7870574                    /usr/lib/jvm/java-8-oracle/lib/tools.jar
7f6a10c8e000-7f6a10c91000 r--s 0001b000 08:01 3671541                    /home/danilo/.m2/repository/junit/junit/3.8.2/junit-3.8.2.jar
7f6a10c91000-7f6a10c9f000 r--s 0008f000 08:01 3671539                    /home/danilo/.m2/repository/com/google/collections/google-collections/1.0/google-collections-1.0.jar
7f6a10c9f000-7f6a10ca0000 r--s 0000a000 08:01 3671536                    /home/danilo/.m2/repository/commons-logging/commons-logging-api/1.1/commons-logging-api-1.1.jar
7f6a10ca0000-7f6a10ca7000 r--s 00051000 08:01 3671537                    /home/danilo/.m2/repository/log4j/log4j/1.2.12/log4j-1.2.12.jar
7f6a10ca7000-7f6a10cab000 r--s 0001d000 08:01 3671535                    /home/danilo/.m2/repository/org/apache/xbean/xbean-reflect/3.4/xbean-reflect-3.4.jar
7f6a10cab000-7f6a10cac000 r--s 00004000 08:01 4719524                    /home/danilo/.m2/repository/org/codehaus/plexus/plexus-compiler-javac/2.2/plexus-compiler-javac-2.2.jar
7f6a10cac000-7f6a10cae000 r--s 00000000 08:01 4719525                    /home/danilo/.m2/repository/org/codehaus/plexus/plexus-compiler-manager/2.2/plexus-compiler-manager-2.2.jar
7f6a10cae000-7f6a10cb0000 r--s 00005000 08:01 4719523                    /home/danilo/.m2/repository/org/codehaus/plexus/plexus-compiler-api/2.2/plexus-compiler-api-2.2.jar
7f6a10cb0000-7f6a10cb2000 r--s 00002000 08:01 3671528                    /home/danilo/.m2/repository/org/apache/maven/shared/maven-shared-incremental/1.1/maven-shared-incremental-1.1.jar
7f6a10cb2000-7f6a10cb4000 r--s 00006000 08:01 3671526                    /home/danilo/.m2/repository/com/google/code/findbugs/jsr305/2.0.1/jsr305-2.0.1.jar
7f6a10cb4000-7f6a10cb7000 r--s 00023000 08:01 3670924                    /home/danilo/.m2/repository/org/apache/maven/shared/maven-shared-utils/0.1/maven-shared-utils-0.1.jar
7f6a10cb7000-7f6a10cbb000 r--s 00030000 08:01 3410288                    /home/danilo/.m2/repository/org/codehaus/plexus/plexus-utils/1.5.1/plexus-utils-1.5.1.jar
7f6a10cbb000-7f6a10cbd000 r--s 00009000 08:01 4719098                    /home/danilo/.m2/repository/org/apache/maven/plugins/maven-compiler-plugin/3.1/maven-compiler-plugin-3.1.jar
7f6a10cbd000-7f6a10cbf000 r--s 0000d000 08:01 3410024                    /home/danilo/.m2/repository/org/codehaus/plexus/plexus-interpolation/1.13/plexus-interpolation-1.13.jar
7f6a10cbf000-7f6a10cc0000 r--s 00001000 08:01 3410023                    /home/danilo/.m2/repository/org/sonatype/plexus/plexus-build-api/0.0.4/plexus-build-api-0.0.4.jar
7f6a10cc0000-7f6a10cc2000 r--s 00009000 08:01 3410022                    /home/danilo/.m2/repository/org/apache/maven/shared/maven-filtering/1.0/maven-filtering-1.0.jar
7f6a10cc2000-7f6a10cc3000 r--s 00001000 08:01 3409869                    /home/danilo/.m2/repository/org/apache/maven/doxia/doxia-sink-api/1.0-alpha-7/doxia-sink-api-1.0-alpha-7.jar
7f6a10cc3000-7f6a10cc4000 r--s 00002000 08:01 3409866                    /home/danilo/.m2/repository/org/apache/maven/reporting/maven-reporting-api/2.0.6/maven-reporting-api-2.0.6.jar
7f6a10cc4000-7f6a10cc6000 r--s 00005000 08:01 3278088                    /home/danilo/.m2/repository/org/apache/maven/plugins/maven-resources-plugin/2.5/maven-resources-plugin-2.5.jar
7f6a10cc6000-7f6a10cd4000 r--s 0007f000 08:01 4589477                    /home/danilo/.m2/repository/commons-collections/commons-collections/3.2.1/commons-collections-3.2.1.jar
7f6a10cd4000-7f6a10cd9000 r--s 00041000 08:01 4589484                    /home/danilo/.m2/repository/commons-lang/commons-lang/2.6/commons-lang-2.6.jar
7f6a10cd9000-7f6a10cdb000 r--s 00006000 08:01 4719480                    /home/danilo/.m2/repository/org/apache/maven/shared/maven-invoker/2.0.11/maven-invoker-2.0.11.jar
7f6a10cdb000-7f6a10cdd000 r--s 00006000 08:01 4719478                    /home/danilo/.m2/repository/org/apache/maven/shared/maven-common-artifact-filters/1.4/maven-common-artifact-filters-1.4.jar
7f6a10cdd000-7f6a10cdf000 r--s 0000c000 08:01 4719474                    /home/danilo/.m2/repository/org/apache/maven/shared/maven-dependency-tree/2.0/maven-dependency-tree-2.0.jar
7f6a10cdf000-7f6a10ce1000 r--s 00000000 08:01 3671533                    /home/danilo/.m2/repository/org/codehaus/plexus/plexus-component-annotations/1.5.5/plexus-component-annotations-1.5.5.jar
7f6a10ce1000-7f6a10ce2000 r--s 0000a000 08:01 4719475                    /home/danilo/.m2/repository/asm/asm/3.3.1/asm-3.3.1.jar
7f6a10ce2000-7f6a10ce4000 r--s 00005000 08:01 4719483                    /home/danilo/.m2/repository/org/apache/maven/shared/maven-dependency-analyzer/1.3/maven-dependency-analyzer-1.3.jar
7f6a10ce4000-7f6a10ce7000 r--s 0000c000 08:01 4719470                    /home/danilo/.m2/repository/org/codehaus/plexus/plexus-io/2.0.6/plexus-io-2.0.6.jar
7f6a10ce7000-7f6a10cea000 r--s 0001b000 08:01 3409853                    /home/danilo/.m2/repository/junit/junit/3.8.1/junit-3.8.1.jar
7f6a10cea000-7f6a10cec000 r--s 00008000 08:01 4719469                    /home/danilo/.m2/repository/org/apache/maven/shared/maven-shared-io/1.1/maven-shared-io-1.1.jar
7f6a10cec000-7f6a10cee000 r--s 00008000 08:01 4719466                    /home/danilo/.m2/repository/org/apache/maven/shared/file-management/1.2.1/file-management-1.2.1.jar
7f6a10cee000-7f6a10cf2000 r--s 00035000 08:01 4719464                    /home/danilo/.m2/repository/org/codehaus/plexus/plexus-utils/3.0.9/plexus-utils-3.0.9.jar
7f6a10cf2000-7f6a10cf7000 r--s 00029000 08:01 4719462                    /home/danilo/.m2/repository/org/codehaus/plexus/plexus-archiver/2.2/plexus-archiver-2.2.jar
7f6a10cf7000-7f6a10cf9000 r--s 00004000 08:01 4719461                    /home/danilo/.m2/repository/org/apache/maven/doxia/doxia-module-xhtml/1.0/doxia-module-xhtml-1.0.jar
7f6a10cf9000-7f6a10cfa000 r--s 00006000 08:01 4719458                    /home/danilo/.m2/repository/org/apache/maven/doxia/doxia-module-xdoc/1.0/doxia-module-xdoc-1.0.jar
7f6a10cfa000-7f6a10cfb000 r--s 00004000 08:01 4719457                    /home/danilo/.m2/repository/org/apache/maven/doxia/doxia-module-fml/1.0/doxia-module-fml-1.0.jar
7f6a10cfb000-7f6a10cfd000 r--s 0000a000 08:01 4719454                    /home/danilo/.m2/repository/org/apache/maven/doxia/doxia-module-apt/1.0/doxia-module-apt-1.0.jar
7f6a10cfd000-7f6a10cfe000 r--s 0000b000 08:01 4719453                    /home/danilo/.m2/repository/org/apache/maven/doxia/doxia-decoration-model/1.0/doxia-decoration-model-1.0.jar
7f6a10cfe000-7f6a10d06000 r--s 00058000 08:01 4719452                    /home/danilo/.m2/repository/org/apache/velocity/velocity/1.5/velocity-1.5.jar
7f6a10d06000-7f6a10d07000 r--s 00001000 08:01 4719449                    /home/danilo/.m2/repository/org/codehaus/plexus/plexus-velocity/1.1.7/plexus-velocity-1.1.7.jar
7f6a10d07000-7f6a10d08000 r--s 00002000 08:01 4719448                    /home/danilo/.m2/repository/org/codehaus/plexus/plexus-i18n/1.0-beta-7/plexus-i18n-1.0-beta-7.jar
7f6a10d08000-7f6a10d0a000 r--s 0000a000 08:01 4719447                    /home/danilo/.m2/repository/org/apache/maven/doxia/doxia-site-renderer/1.0/doxia-site-renderer-1.0.jar
7f6a10d0a000-7f6a10d0b000 r--s 00002000 08:01 4719443                    /home/danilo/.m2/repository/org/apache/maven/doxia/doxia-sink-api/1.0/doxia-sink-api-1.0.jar
7f6a10d0b000-7f6a10d10000 r--s 00016000 08:01 3409879                    /home/danilo/.m2/repository/xml-apis/xml-apis/1.0.b2/xml-apis-1.0.b2.jar
7f6a10d10000-7f6a10d12000 r--s 0000e000 08:01 3410136                    /home/danilo/.m2/repository/oro/oro/2.0.8/oro-2.0.8.jar
7f6a10d12000-7f6a10d14000 r--s 00008000 08:01 3278485                    /home/danilo/.m2/repository/commons-logging/commons-logging/1.0.4/commons-logging-1.0.4.jar
7f6a10d14000-7f6a10d18000 r--s 00026000 08:01 3409876                    /home/danilo/.m2/repository/commons-digester/commons-digester/1.6/commons-digester-1.6.jar
7f6a10d18000-7f6a10d1d000 r--s 0002a000 08:01 3409875                    /home/danilo/.m2/repository/commons-beanutils/commons-beanutils/1.7.0/commons-beanutils-1.7.0.jar
7f6a10d1d000-7f6a10d20000 r--s 00014000 08:01 3409874                    /home/danilo/.m2/repository/commons-validator/commons-validator/1.2.0/commons-validator-1.2.0.jar
7f6a10d20000-7f6a10d23000 r--s 00018000 08:01 4719439                    /home/danilo/.m2/repository/commons-io/commons-io/1.4/commons-io-1.4.jar
7f6a10d23000-7f6a10d25000 r--s 00009000 08:01 4719436                    /home/danilo/.m2/repository/org/apache/maven/shared/maven-doxia-tools/1.0.2/maven-doxia-tools-1.0.2.jar
7f6a10d25000-7f6a10d28000 r--s 0000b000 08:01 4719440                    /home/danilo/.m2/repository/org/apache/maven/doxia/doxia-core/1.0/doxia-core-1.0.jar
7f6a10d28000-7f6a10d2a000 r--s 00004000 08:01 4719438                    /home/danilo/.m2/repository/org/apache/maven/reporting/maven-reporting-impl/2.0.5/maven-reporting-impl-2.0.5.jar
7f6a10d2a000-7f6a10d2b000 r--s 00002000 08:01 4719437                    /home/danilo/.m2/repository/org/apache/maven/reporting/maven-reporting-api/3.0/maven-reporting-api-3.0.jar
7f6a10d2b000-7f6a10d2d000 r--s 00002000 08:01 3409845                    /home/danilo/.m2/repository/org/codehaus/plexus/plexus-interactivity-api/1.0-alpha-4/plexus-interactivity-api-1.0-alpha-4.jar
7f6a10d2d000-7f6a10d2f000 r--s 00006000 08:01 3409844                    /home/danilo/.m2/repository/commons-cli/commons-cli/1.0/commons-cli-1.0.jar
7f6a10d2f000-7f6a10d32000 r--s 00021000 08:01 4589665                    /home/danilo/.m2/repository/org/apache/maven/plugins/maven-dependency-plugin/2.6/maven-dependency-plugin-2.6.jar
7f6a10d32000-7f6a10f32000 rw-p 00000000 00:00 0 
7f6a10f32000-7f6a10f36000 r--s 00033000 08:01 3408981                    /home/danilo/.m2/repository/org/codehaus/plexus/plexus-utils/2.0.5/plexus-utils-2.0.5.jar
7f6a10f36000-7f6a10f37000 r--s 00005000 08:01 3278122                    /home/danilo/.m2/repository/org/apache/maven/plugins/maven-clean-plugin/2.4.1/maven-clean-plugin-2.4.1.jar
7f6a10f37000-7f6a10f48000 r-xp 00000000 08:01 12323372                   /usr/lib/jvm/java-8-oracle/jre/lib/amd64/libnio.so
7f6a10f48000-7f6a11147000 ---p 00011000 08:01 12323372                   /usr/lib/jvm/java-8-oracle/jre/lib/amd64/libnio.so
7f6a11147000-7f6a11148000 rw-p 00010000 08:01 12323372                   /usr/lib/jvm/java-8-oracle/jre/lib/amd64/libnio.so
7f6a11148000-7f6a11449000 rw-p 00000000 00:00 0 
7f6a11449000-7f6a1145f000 r-xp 00000000 08:01 12323369                   /usr/lib/jvm/java-8-oracle/jre/lib/amd64/libnet.so
7f6a1145f000-7f6a1165f000 ---p 00016000 08:01 12323369                   /usr/lib/jvm/java-8-oracle/jre/lib/amd64/libnet.so
7f6a1165f000-7f6a11660000 rw-p 00016000 08:01 12323369                   /usr/lib/jvm/java-8-oracle/jre/lib/amd64/libnet.so
7f6a11660000-7f6a11663000 ---p 00000000 00:00 0 
7f6a11663000-7f6a11699000 rw-p 00000000 00:00 0                          [stack:6951]
7f6a11699000-7f6a1169a000 r--p 00000000 00:00 0 
7f6a1169a000-7f6a1189a000 rw-p 00000000 00:00 0 
7f6a1189a000-7f6a1189e000 r--s 00097000 08:01 11276054                   /usr/lib/jvm/java-8-oracle/jre/lib/jsse.jar
7f6a1189e000-7f6a11a9e000 rw-p 00000000 00:00 0 
7f6a11a9e000-7f6a11aa0000 r--s 0000c000 08:01 2495124                    /home/danilo/netbeans-8.1/java/maven-nblib/netbeans-eventspy.jar
7f6a11aa0000-7f6a11aa2000 r--s 00000000 08:01 2494784                    /home/danilo/netbeans-8.1/java/maven/lib/plexus-component-annotations-1.5.5.jar
7f6a11aa2000-7f6a11aac000 r--s 00116000 08:01 11669444                   /usr/lib/jvm/java-8-oracle/jre/lib/ext/localedata.jar
7f6a11aac000-7f6a11ac8000 r--s 00393000 08:01 11669437                   /usr/lib/jvm/java-8-oracle/jre/lib/ext/cldrdata.jar
7f6a11ac8000-7f6a11ad4000 r--s 0007d000 08:01 2495141                    /home/danilo/netbeans-8.1/java/maven/lib/maven-core-3.0.5.jar
7f6a11ad4000-7f6a11adb000 r--s 0003f000 08:01 2495101                    /home/danilo/netbeans-8.1/java/maven/lib/sisu-inject-bean-2.3.0.jar
7f6a11adb000-7f6a11afa000 r--s 00154000 08:01 2495142                    /home/danilo/netbeans-8.1/java/maven/lib/sisu-guava-0.9.9.jar
7f6a11afa000-7f6a11afe000 r--s 00013000 08:01 2495135                    /home/danilo/netbeans-8.1/java/maven/lib/aether-api-1.13.1.jar
7f6a11afe000-7f6a11aff000 ---p 00000000 00:00 0 
7f6a11aff000-7f6a11bff000 rw-p 00000000 00:00 0                          [stack:6949]
7f6a11bff000-7f6a11c02000 ---p 00000000 00:00 0 
7f6a11c02000-7f6a11d00000 rw-p 00000000 00:00 0                          [stack:6948]
7f6a11d00000-7f6a11d03000 ---p 00000000 00:00 0 
7f6a11d03000-7f6a11e01000 rw-p 00000000 00:00 0                          [stack:6947]
7f6a11e01000-7f6a11e04000 ---p 00000000 00:00 0 
7f6a11e04000-7f6a11f02000 rw-p 00000000 00:00 0                          [stack:6946]
7f6a11f02000-7f6a11f05000 ---p 00000000 00:00 0 
7f6a11f05000-7f6a12003000 rw-p 00000000 00:00 0                          [stack:6945]
7f6a12003000-7f6a12006000 ---p 00000000 00:00 0 
7f6a12006000-7f6a12104000 rw-p 00000000 00:00 0                          [stack:6944]
7f6a12104000-7f6a12107000 ---p 00000000 00:00 0 
7f6a12107000-7f6a12205000 rw-p 00000000 00:00 0                          [stack:6943]
7f6a12205000-7f6a128e9000 r--p 00000000 08:01 6823119                    /usr/lib/locale/locale-archive
7f6a128e9000-7f6a128ec000 ---p 00000000 00:00 0 
7f6a128ec000-7f6a129ea000 rw-p 00000000 00:00 0                          [stack:6942]
7f6a129ea000-7f6a129ed000 ---p 00000000 00:00 0 
7f6a129ed000-7f6a12aeb000 rw-p 00000000 00:00 0                          [stack:6941]
7f6a12aeb000-7f6a12aec000 ---p 00000000 00:00 0 
7f6a12aec000-7f6a14000000 rw-p 00000000 00:00 0                          [stack:6940]
7f6a14000000-7f6a14021000 rw-p 00000000 00:00 0 
7f6a14021000-7f6a18000000 ---p 00000000 00:00 0 
7f6a18000000-7f6a18002000 r--s 0000b000 08:01 2495100                    /home/danilo/netbeans-8.1/java/maven/lib/maven-plugin-api-3.0.5.jar
7f6a18002000-7f6a18006000 r--s 00021000 08:01 2495053                    /home/danilo/netbeans-8.1/java/maven/lib/maven-model-builder-3.0.5.jar
7f6a18006000-7f6a18008000 r--s 0000a000 08:01 2495116                    /home/danilo/netbeans-8.1/java/maven/lib/maven-settings-3.0.5.jar
7f6a18008000-7f6a1800b000 r--s 00008000 08:01 2495000                    /home/danilo/netbeans-8.1/java/maven/lib/maven-settings-builder-3.0.5.jar
7f6a1800b000-7f6a18026000 r--s 000e4000 08:01 2495109                    /home/danilo/netbeans-8.1/java/maven/lib/wagon-http-2.4-shaded.jar
7f6a18026000-7f6a18028000 r--s 00026000 08:01 2495133                    /home/danilo/netbeans-8.1/java/maven/lib/maven-model-3.0.5.jar
7f6a18028000-7f6a1802a000 r--s 00006000 08:01 2494905                    /home/danilo/netbeans-8.1/java/maven/lib/maven-repository-metadata-3.0.5.jar
7f6a1802a000-7f6a1802c000 r--s 00002000 08:01 2495134                    /home/danilo/netbeans-8.1/java/maven/lib/plexus-cipher-1.7.jar
7f6a1802c000-7f6a1805a000 r--s 001c9000 08:01 2495056                    /home/danilo/netbeans-8.1/java/maven/lib/ext/wagon-http-2.8-shaded.jar
7f6a1805a000-7f6a1c000000 rw-p 00000000 00:00 0 
7f6a1c000000-7f6a1c021000 rw-p 00000000 00:00 0 
7f6a1c021000-7f6a20000000 ---p 00000000 00:00 0 
7f6a20000000-7f6a20021000 rw-p 00000000 00:00 0 
7f6a20021000-7f6a24000000 ---p 00000000 00:00 0 
7f6a24000000-7f6a24021000 rw-p 00000000 00:00 0 
7f6a24021000-7f6a28000000 ---p 00000000 00:00 0 
7f6a28000000-7f6a28001000 r--s 00002000 08:01 2495146                    /home/danilo/netbeans-8.1/java/maven/lib/wagon-file-2.4.jar
7f6a28001000-7f6a28628000 rw-p 00000000 00:00 0 
7f6a28628000-7f6a28800000 r--s 03d1e000 08:01 11276049                   /usr/lib/jvm/java-8-oracle/jre/lib/rt.jar
7f6a28800000-7f6a29000000 rw-p 00000000 00:00 0 
7f6a29000000-7f6a29d80000 rwxp 00000000 00:00 0 
7f6a29d80000-7f6a38000000 ---p 00000000 00:00 0 
7f6a38000000-7f6a390e7000 rw-p 00000000 00:00 0 
7f6a390e7000-7f6a3c000000 ---p 00000000 00:00 0 
7f6a3c000000-7f6a3c002000 r--s 0000b000 08:01 2495114                    /home/danilo/netbeans-8.1/java/maven/lib/maven-artifact-3.0.5.jar
7f6a3c002000-7f6a3c004000 r--s 0000b000 08:01 2495099                    /home/danilo/netbeans-8.1/java/maven/lib/wagon-provider-api-2.4.jar
7f6a3c004000-7f6a3c008000 r--s 00033000 08:01 2495127                    /home/danilo/netbeans-8.1/java/maven/lib/plexus-utils-2.0.6.jar
7f6a3c008000-7f6a3c00e000 r--s 0003f000 08:01 2495130                    /home/danilo/netbeans-8.1/java/maven/lib/maven-compat-3.0.5.jar
7f6a3c00e000-7f6a3c4f5000 rw-p 00000000 00:00 0 
7f6a3c4f5000-7f6a3c4f6000 ---p 00000000 00:00 0 
7f6a3c4f6000-7f6a3c5f6000 rw-p 00000000 00:00 0                          [stack:6939]
7f6a3c5f6000-7f6a3c5f7000 ---p 00000000 00:00 0 
7f6a3c5f7000-7f6a3c6f7000 rw-p 00000000 00:00 0                          [stack:6938]
7f6a3c6f7000-7f6a3c6f8000 ---p 00000000 00:00 0 
7f6a3c6f8000-7f6a3c7f8000 rw-p 00000000 00:00 0                          [stack:6937]
7f6a3c7f8000-7f6a3c7f9000 ---p 00000000 00:00 0 
7f6a3c7f9000-7f6a3c8f9000 rw-p 00000000 00:00 0                          [stack:6936]
7f6a3c8f9000-7f6a3c8fa000 ---p 00000000 00:00 0 
7f6a3c8fa000-7f6a3c9fa000 rw-p 00000000 00:00 0                          [stack:6935]
7f6a3c9fa000-7f6a3c9fb000 ---p 00000000 00:00 0 
7f6a3c9fb000-7f6a3cafb000 rw-p 00000000 00:00 0                          [stack:6934]
7f6a3cafb000-7f6a3cafc000 ---p 00000000 00:00 0 
7f6a3cafc000-7f6a3cbfc000 rw-p 00000000 00:00 0                          [stack:6933]
7f6a3cbfc000-7f6a3cbfd000 ---p 00000000 00:00 0 
7f6a3cbfd000-7f6a3cd27000 rw-p 00000000 00:00 0                          [stack:6932]
7f6a3cd27000-7f6a3cf93000 ---p 00000000 00:00 0 
7f6a3cf93000-7f6a3cfbd000 rw-p 00000000 00:00 0 
7f6a3cfbd000-7f6a3d228000 ---p 00000000 00:00 0 
7f6a3d228000-7f6a3d26c000 rw-p 00000000 00:00 0 
7f6a3d26c000-7f6a3d373000 ---p 00000000 00:00 0 
7f6a3d373000-7f6a3d3aa000 rw-p 00000000 00:00 0 
7f6a3d3aa000-7f6a3d734000 ---p 00000000 00:00 0 
7f6a3d734000-7f6a3d74e000 r-xp 00000000 08:01 12323365                   /usr/lib/jvm/java-8-oracle/jre/lib/amd64/libzip.so
7f6a3d74e000-7f6a3d94e000 ---p 0001a000 08:01 12323365                   /usr/lib/jvm/java-8-oracle/jre/lib/amd64/libzip.so
7f6a3d94e000-7f6a3d94f000 rw-p 0001a000 08:01 12323365                   /usr/lib/jvm/java-8-oracle/jre/lib/amd64/libzip.so
7f6a3d94f000-7f6a3d95b000 r-xp 00000000 08:01 393488                     /lib/x86_64-linux-gnu/libnss_files-2.21.so
7f6a3d95b000-7f6a3db5a000 ---p 0000c000 08:01 393488                     /lib/x86_64-linux-gnu/libnss_files-2.21.so
7f6a3db5a000-7f6a3db5b000 r--p 0000b000 08:01 393488                     /lib/x86_64-linux-gnu/libnss_files-2.21.so
7f6a3db5b000-7f6a3db5c000 rw-p 0000c000 08:01 393488                     /lib/x86_64-linux-gnu/libnss_files-2.21.so
7f6a3db5c000-7f6a3db67000 r-xp 00000000 08:01 393499                     /lib/x86_64-linux-gnu/libnss_nis-2.21.so
7f6a3db67000-7f6a3dd66000 ---p 0000b000 08:01 393499                     /lib/x86_64-linux-gnu/libnss_nis-2.21.so
7f6a3dd66000-7f6a3dd67000 r--p 0000a000 08:01 393499                     /lib/x86_64-linux-gnu/libnss_nis-2.21.so
7f6a3dd67000-7f6a3dd68000 rw-p 0000b000 08:01 393499                     /lib/x86_64-linux-gnu/libnss_nis-2.21.so
7f6a3dd68000-7f6a3dd7f000 r-xp 00000000 08:01 393493                     /lib/x86_64-linux-gnu/libnsl-2.21.so
7f6a3dd7f000-7f6a3df7e000 ---p 00017000 08:01 393493                     /lib/x86_64-linux-gnu/libnsl-2.21.so
7f6a3df7e000-7f6a3df7f000 r--p 00016000 08:01 393493                     /lib/x86_64-linux-gnu/libnsl-2.21.so
7f6a3df7f000-7f6a3df80000 rw-p 00017000 08:01 393493                     /lib/x86_64-linux-gnu/libnsl-2.21.so
7f6a3df80000-7f6a3df82000 rw-p 00000000 00:00 0 
7f6a3df82000-7f6a3df8a000 r-xp 00000000 08:01 393489                     /lib/x86_64-linux-gnu/libnss_compat-2.21.so
7f6a3df8a000-7f6a3e189000 ---p 00008000 08:01 393489                     /lib/x86_64-linux-gnu/libnss_compat-2.21.so
7f6a3e189000-7f6a3e18a000 r--p 00007000 08:01 393489                     /lib/x86_64-linux-gnu/libnss_compat-2.21.so
7f6a3e18a000-7f6a3e18b000 rw-p 00008000 08:01 393489                     /lib/x86_64-linux-gnu/libnss_compat-2.21.so
7f6a3e18b000-7f6a3e1b5000 r-xp 00000000 08:01 12323360                   /usr/lib/jvm/java-8-oracle/jre/lib/amd64/libjava.so
7f6a3e1b5000-7f6a3e3b5000 ---p 0002a000 08:01 12323360                   /usr/lib/jvm/java-8-oracle/jre/lib/amd64/libjava.so
7f6a3e3b5000-7f6a3e3b7000 rw-p 0002a000 08:01 12323360                   /usr/lib/jvm/java-8-oracle/jre/lib/amd64/libjava.so
7f6a3e3b7000-7f6a3e3c4000 r-xp 00000000 08:01 12323364                   /usr/lib/jvm/java-8-oracle/jre/lib/amd64/libverify.so
7f6a3e3c4000-7f6a3e5c4000 ---p 0000d000 08:01 12323364                   /usr/lib/jvm/java-8-oracle/jre/lib/amd64/libverify.so
7f6a3e5c4000-7f6a3e5c6000 rw-p 0000d000 08:01 12323364                   /usr/lib/jvm/java-8-oracle/jre/lib/amd64/libverify.so
7f6a3e5c6000-7f6a3e5cd000 r-xp 00000000 08:01 393486                     /lib/x86_64-linux-gnu/librt-2.21.so
7f6a3e5cd000-7f6a3e7cc000 ---p 00007000 08:01 393486                     /lib/x86_64-linux-gnu/librt-2.21.so
7f6a3e7cc000-7f6a3e7cd000 r--p 00006000 08:01 393486                     /lib/x86_64-linux-gnu/librt-2.21.so
7f6a3e7cd000-7f6a3e7ce000 rw-p 00007000 08:01 393486                     /lib/x86_64-linux-gnu/librt-2.21.so
7f6a3e7ce000-7f6a3e8d5000 r-xp 00000000 08:01 393501                     /lib/x86_64-linux-gnu/libm-2.21.so
7f6a3e8d5000-7f6a3ead4000 ---p 00107000 08:01 393501                     /lib/x86_64-linux-gnu/libm-2.21.so
7f6a3ead4000-7f6a3ead5000 r--p 00106000 08:01 393501                     /lib/x86_64-linux-gnu/libm-2.21.so
7f6a3ead5000-7f6a3ead6000 rw-p 00107000 08:01 393501                     /lib/x86_64-linux-gnu/libm-2.21.so
7f6a3ead6000-7f6a3f795000 r-xp 00000000 08:01 12323343                   /usr/lib/jvm/java-8-oracle/jre/lib/amd64/server/libjvm.so
7f6a3f795000-7f6a3f994000 ---p 00cbf000 08:01 12323343                   /usr/lib/jvm/java-8-oracle/jre/lib/amd64/server/libjvm.so
7f6a3f994000-7f6a3fa6d000 rw-p 00cbe000 08:01 12323343                   /usr/lib/jvm/java-8-oracle/jre/lib/amd64/server/libjvm.so
7f6a3fa6d000-7f6a3fab6000 rw-p 00000000 00:00 0 
7f6a3fab6000-7f6a3fc76000 r-xp 00000000 08:01 393502                     /lib/x86_64-linux-gnu/libc-2.21.so
7f6a3fc76000-7f6a3fe76000 ---p 001c0000 08:01 393502                     /lib/x86_64-linux-gnu/libc-2.21.so
7f6a3fe76000-7f6a3fe7a000 r--p 001c0000 08:01 393502                     /lib/x86_64-linux-gnu/libc-2.21.so
7f6a3fe7a000-7f6a3fe7c000 rw-p 001c4000 08:01 393502                     /lib/x86_64-linux-gnu/libc-2.21.so
7f6a3fe7c000-7f6a3fe80000 rw-p 00000000 00:00 0 
7f6a3fe80000-7f6a3fe83000 r-xp 00000000 08:01 393498                     /lib/x86_64-linux-gnu/libdl-2.21.so
7f6a3fe83000-7f6a40082000 ---p 00003000 08:01 393498                     /lib/x86_64-linux-gnu/libdl-2.21.so
7f6a40082000-7f6a40083000 r--p 00002000 08:01 393498                     /lib/x86_64-linux-gnu/libdl-2.21.so
7f6a40083000-7f6a40084000 rw-p 00003000 08:01 393498                     /lib/x86_64-linux-gnu/libdl-2.21.so
7f6a40084000-7f6a40099000 r-xp 00000000 08:01 9971299                    /usr/lib/jvm/java-8-oracle/lib/amd64/jli/libjli.so
7f6a40099000-7f6a40299000 ---p 00015000 08:01 9971299                    /usr/lib/jvm/java-8-oracle/lib/amd64/jli/libjli.so
7f6a40299000-7f6a4029a000 rw-p 00015000 08:01 9971299                    /usr/lib/jvm/java-8-oracle/lib/amd64/jli/libjli.so
7f6a4029a000-7f6a402b2000 r-xp 00000000 08:01 393487                     /lib/x86_64-linux-gnu/libpthread-2.21.so
7f6a402b2000-7f6a404b2000 ---p 00018000 08:01 393487                     /lib/x86_64-linux-gnu/libpthread-2.21.so
7f6a404b2000-7f6a404b3000 r--p 00018000 08:01 393487                     /lib/x86_64-linux-gnu/libpthread-2.21.so
7f6a404b3000-7f6a404b4000 rw-p 00019000 08:01 393487                     /lib/x86_64-linux-gnu/libpthread-2.21.so
7f6a404b4000-7f6a404b8000 rw-p 00000000 00:00 0 
7f6a404b8000-7f6a404dc000 r-xp 00000000 08:01 393496                     /lib/x86_64-linux-gnu/ld-2.21.so
7f6a404dc000-7f6a404dd000 r--s 00003000 08:01 2495136                    /home/danilo/netbeans-8.1/java/maven/lib/aether-spi-1.13.1.jar
7f6a404dd000-7f6a404df000 r--s 00006000 08:01 2494971                    /home/danilo/netbeans-8.1/java/maven/lib/aether-connector-wagon-1.13.1.jar
7f6a404df000-7f6a405aa000 rw-p 00000000 00:00 0 
7f6a405aa000-7f6a405ad000 ---p 00000000 00:00 0 
7f6a405ad000-7f6a406af000 rw-p 00000000 00:00 0                          [stack:6931]
7f6a406af000-7f6a406b0000 r--s 0000a000 08:01 2495115                    /home/danilo/netbeans-8.1/java/maven/lib/maven-embedder-3.0.5.jar
7f6a406b0000-7f6a406b1000 r--s 00006000 08:01 2495054                    /home/danilo/netbeans-8.1/java/maven/lib/plexus-sec-dispatcher-1.3.jar
7f6a406b1000-7f6a406b3000 r--s 0000c000 08:01 2495018                    /home/danilo/netbeans-8.1/java/maven/lib/maven-aether-provider-3.0.5.jar
7f6a406b3000-7f6a406b5000 r--s 0000d000 08:01 2495057                    /home/danilo/netbeans-8.1/java/maven/lib/plexus-interpolation-1.14.jar
7f6a406b5000-7f6a406bd000 r--s 00050000 08:01 2495087                    /home/danilo/netbeans-8.1/java/maven/lib/sisu-guice-3.1.0-no_aop.jar
7f6a406bd000-7f6a406c0000 r--s 0001d000 08:01 2495128                    /home/danilo/netbeans-8.1/java/maven/lib/aether-impl-1.13.1.jar
7f6a406c0000-7f6a406c2000 r--s 00009000 08:01 2495144                    /home/danilo/netbeans-8.1/java/maven/lib/commons-cli-1.2.jar
7f6a406c2000-7f6a406c9000 r--s 0002b000 08:01 2495076                    /home/danilo/netbeans-8.1/java/maven/lib/sisu-inject-plexus-2.3.0.jar
7f6a406c9000-7f6a406cd000 r--s 0001c000 08:01 2495129                    /home/danilo/netbeans-8.1/java/maven/lib/aether-util-1.13.1.jar
7f6a406cd000-7f6a406cf000 r--s 0000a000 08:01 2495089                    /home/danilo/netbeans-8.1/java/maven/boot/plexus-classworlds-2.4.jar
7f6a406cf000-7f6a406d7000 rw-s 00000000 08:01 7869250                    /tmp/hsperfdata_danilo/6929
7f6a406d7000-7f6a406d8000 rw-p 00000000 00:00 0 
7f6a406d8000-7f6a406d9000 ---p 00000000 00:00 0 
7f6a406d9000-7f6a406db000 rw-p 00000000 00:00 0 
7f6a406db000-7f6a406dc000 r--p 00023000 08:01 393496                     /lib/x86_64-linux-gnu/ld-2.21.so
7f6a406dc000-7f6a406dd000 rw-p 00024000 08:01 393496                     /lib/x86_64-linux-gnu/ld-2.21.so
7f6a406dd000-7f6a406de000 rw-p 00000000 00:00 0 
7ffc94f73000-7ffc94f94000 rw-p 00000000 00:00 0                          [stack]
7ffc94ff3000-7ffc94ff5000 r--p 00000000 00:00 0                          [vvar]
7ffc94ff5000-7ffc94ff7000 r-xp 00000000 00:00 0                          [vdso]
ffffffffff600000-ffffffffff601000 r-xp 00000000 00:00 0                  [vsyscall]

VM Arguments:
jvm_args: -Dclassworlds.conf=/home/danilo/netbeans-8.1/java/maven/bin/m2.conf -Dmaven.home=/home/danilo/netbeans-8.1/java/maven 
java_command: org.codehaus.plexus.classworlds.launcher.Launcher -Dmaven.ext.class.path=/home/danilo/netbeans-8.1/java/maven-nblib/netbeans-eventspy.jar clean install
java_class_path (initial): /home/danilo/netbeans-8.1/java/maven/boot/plexus-classworlds-2.4.jar
Launcher Type: SUN_STANDARD

Environment Variables:
JAVA_HOME=/usr/lib/jvm/java-8-oracle
PATH=/usr/local/sbin:/usr/local/bin:/usr/sbin:/usr/bin:/sbin:/bin:/usr/games:/usr/local/games:/usr/lib/jvm/java-8-oracle/bin:/usr/lib/jvm/java-8-oracle/db/bin:/usr/lib/jvm/java-8-oracle/jre/bin
LD_LIBRARY_PATH=/usr/lib/jvm/java-8-oracle/jre/lib/amd64:/usr/lib/jvm/java-8-oracle/jre/lib/i386:
SHELL=/bin/bash
DISPLAY=:0

Signal Handlers:
SIGSEGV: [libjvm.so+0xabb070], sa_mask[0]=11111111011111111101111111111110, sa_flags=SA_RESTART|SA_SIGINFO
SIGBUS: [libjvm.so+0xabb070], sa_mask[0]=11111111011111111101111111111110, sa_flags=SA_RESTART|SA_SIGINFO
SIGFPE: [libjvm.so+0x918480], sa_mask[0]=11111111011111111101111111111110, sa_flags=SA_RESTART|SA_SIGINFO
SIGPIPE: [libjvm.so+0x918480], sa_mask[0]=11111111011111111101111111111110, sa_flags=SA_RESTART|SA_SIGINFO
SIGXFSZ: [libjvm.so+0x918480], sa_mask[0]=11111111011111111101111111111110, sa_flags=SA_RESTART|SA_SIGINFO
SIGILL: [libjvm.so+0x918480], sa_mask[0]=11111111011111111101111111111110, sa_flags=SA_RESTART|SA_SIGINFO
SIGUSR1: SIG_DFL, sa_mask[0]=00000000000000000000000000000000, sa_flags=none
SIGUSR2: [libjvm.so+0x919ab0], sa_mask[0]=00100000000000000000000000000000, sa_flags=SA_RESTART|SA_SIGINFO
SIGHUP: [libjvm.so+0x91aeb0], sa_mask[0]=11111111011111111101111111111110, sa_flags=SA_RESTART|SA_SIGINFO
SIGINT: SIG_IGN, sa_mask[0]=00000000000000000000000000000000, sa_flags=none
SIGTERM: [libjvm.so+0x91aeb0], sa_mask[0]=11111111011111111101111111111110, sa_flags=SA_RESTART|SA_SIGINFO
SIGQUIT: [libjvm.so+0x91aeb0], sa_mask[0]=11111111011111111101111111111110, sa_flags=SA_RESTART|SA_SIGINFO


---------------  S Y S T E M  ---------------

OS:DISTRIB_ID=Ubuntu
DISTRIB_RELEASE=15.10
DISTRIB_CODENAME=wily
DISTRIB_DESCRIPTION="Ubuntu 15.10"

uname:Linux 4.2.0-34-generic #39-Ubuntu SMP Thu Mar 10 22:13:01 UTC 2016 x86_64
libc:glibc 2.21 NPTL 2.21 
rlimit: STACK 8192k, CORE 0k, NPROC 31583, NOFILE 65536, AS infinity
load average:19,15 4,88 2,10

/proc/meminfo:
MemTotal:        8119544 kB
MemFree:           52604 kB
MemAvailable:     100956 kB
Buffers:             652 kB
Cached:           110936 kB
SwapCached:        11492 kB
Active:          6432012 kB
Inactive:        1212752 kB
Active(anon):    6424556 kB
Inactive(anon):  1204544 kB
Active(file):       7456 kB
Inactive(file):     8208 kB
Unevictable:         488 kB
Mlocked:             488 kB
SwapTotal:       8332284 kB
SwapFree:              0 kB
Dirty:                96 kB
Writeback:             0 kB
AnonPages:       7525332 kB
Mapped:           173444 kB
Shmem:             95744 kB
Slab:             134264 kB
SReclaimable:      68800 kB
SUnreclaim:        65464 kB
KernelStack:       19392 kB
PageTables:       103788 kB
NFS_Unstable:          0 kB
Bounce:                0 kB
WritebackTmp:          0 kB
CommitLimit:    12392056 kB
Committed_AS:   26797168 kB
VmallocTotal:   34359738367 kB
VmallocUsed:      130796 kB
VmallocChunk:   34359537660 kB
HardwareCorrupted:     0 kB
AnonHugePages:   1583104 kB
CmaTotal:              0 kB
CmaFree:               0 kB
HugePages_Total:       0
HugePages_Free:        0
HugePages_Rsvd:        0
HugePages_Surp:        0
Hugepagesize:       2048 kB
DirectMap4k:     2688768 kB
DirectMap2M:     5644288 kB


CPU:total 8 (4 cores per cpu, 2 threads per core) family 6 model 58 stepping 9, cmov, cx8, fxsr, mmx, sse, sse2, sse3, ssse3, sse4.1, sse4.2, popcnt, avx, aes, clmul, erms, ht, tsc, tscinvbit, tscinv

/proc/cpuinfo:
processor	: 0
vendor_id	: GenuineIntel
cpu family	: 6
model		: 58
model name	: Intel(R) Core(TM) i7-3770 CPU @ 3.40GHz
stepping	: 9
microcode	: 0x1b
cpu MHz		: 1611.414
cache size	: 8192 KB
physical id	: 0
siblings	: 8
core id		: 0
cpu cores	: 4
apicid		: 0
initial apicid	: 0
fpu		: yes
fpu_exception	: yes
cpuid level	: 13
wp		: yes
flags		: fpu vme de pse tsc msr pae mce cx8 apic sep mtrr pge mca cmov pat pse36 clflush dts acpi mmx fxsr sse sse2 ss ht tm pbe syscall nx rdtscp lm constant_tsc arch_perfmon pebs bts rep_good nopl xtopology nonstop_tsc aperfmperf eagerfpu pni pclmulqdq dtes64 monitor ds_cpl vmx smx est tm2 ssse3 cx16 xtpr pdcm pcid sse4_1 sse4_2 x2apic popcnt tsc_deadline_timer aes xsave avx f16c rdrand lahf_lm ida arat epb pln pts dtherm tpr_shadow vnmi flexpriority ept vpid fsgsbase smep erms xsaveopt
bugs		:
bogomips	: 6799.95
clflush size	: 64
cache_alignment	: 64
address sizes	: 36 bits physical, 48 bits virtual
power management:

processor	: 1
vendor_id	: GenuineIntel
cpu family	: 6
model		: 58
model name	: Intel(R) Core(TM) i7-3770 CPU @ 3.40GHz
stepping	: 9
microcode	: 0x1b
cpu MHz		: 1661.085
cache size	: 8192 KB
physical id	: 0
siblings	: 8
core id		: 1
cpu cores	: 4
apicid		: 2
initial apicid	: 2
fpu		: yes
fpu_exception	: yes
cpuid level	: 13
wp		: yes
flags		: fpu vme de pse tsc msr pae mce cx8 apic sep mtrr pge mca cmov pat pse36 clflush dts acpi mmx fxsr sse sse2 ss ht tm pbe syscall nx rdtscp lm constant_tsc arch_perfmon pebs bts rep_good nopl xtopology nonstop_tsc aperfmperf eagerfpu pni pclmulqdq dtes64 monitor ds_cpl vmx smx est tm2 ssse3 cx16 xtpr pdcm pcid sse4_1 sse4_2 x2apic popcnt tsc_deadline_timer aes xsave avx f16c rdrand lahf_lm ida arat epb pln pts dtherm tpr_shadow vnmi flexpriority ept vpid fsgsbase smep erms xsaveopt
bugs		:
bogomips	: 6799.95
clflush size	: 64
cache_alignment	: 64
address sizes	: 36 bits physical, 48 bits virtual
power management:

processor	: 2
vendor_id	: GenuineIntel
cpu family	: 6
model		: 58
model name	: Intel(R) Core(TM) i7-3770 CPU @ 3.40GHz
stepping	: 9
microcode	: 0x1b
cpu MHz		: 1647.273
cache size	: 8192 KB
physical id	: 0
siblings	: 8
core id		: 2
cpu cores	: 4
apicid		: 4
initial apicid	: 4
fpu		: yes
fpu_exception	: yes
cpuid level	: 13
wp		: yes
flags		: fpu vme de pse tsc msr pae mce cx8 apic sep mtrr pge mca cmov pat pse36 clflush dts acpi mmx fxsr sse sse2 ss ht tm pbe syscall nx rdtscp lm constant_tsc arch_perfmon pebs bts rep_good nopl xtopology nonstop_tsc aperfmperf eagerfpu pni pclmulqdq dtes64 monitor ds_cpl vmx smx est tm2 ssse3 cx16 xtpr pdcm pcid sse4_1 sse4_2 x2apic popcnt tsc_deadline_timer aes xsave avx f16c rdrand lahf_lm ida arat epb pln pts dtherm tpr_shadow vnmi flexpriority ept vpid fsgsbase smep erms xsaveopt
bugs		:
bogomips	: 6799.95
clflush size	: 64
cache_alignment	: 64
address sizes	: 36 bits physical, 48 bits virtual
power management:

processor	: 3
vendor_id	: GenuineIntel
cpu family	: 6
model		: 58
model name	: Intel(R) Core(TM) i7-3770 CPU @ 3.40GHz
stepping	: 9
microcode	: 0x1b
cpu MHz		: 1608.890
cache size	: 8192 KB
physical id	: 0
siblings	: 8
core id		: 3
cpu cores	: 4
apicid		: 6
initial apicid	: 6
fpu		: yes
fpu_exception	: yes
cpuid level	: 13
wp		: yes
flags		: fpu vme de pse tsc msr pae mce cx8 apic sep mtrr pge mca cmov pat pse36 clflush dts acpi mmx fxsr sse sse2 ss ht tm pbe syscall nx rdtscp lm constant_tsc arch_perfmon pebs bts rep_good nopl xtopology nonstop_tsc aperfmperf eagerfpu pni pclmulqdq dtes64 monitor ds_cpl vmx smx est tm2 ssse3 cx16 xtpr pdcm pcid sse4_1 sse4_2 x2apic popcnt tsc_deadline_timer aes xsave avx f16c rdrand lahf_lm ida arat epb pln pts dtherm tpr_shadow vnmi flexpriority ept vpid fsgsbase smep erms xsaveopt
bugs		:
bogomips	: 6799.95
clflush size	: 64
cache_alignment	: 64
address sizes	: 36 bits physical, 48 bits virtual
power management:

processor	: 4
vendor_id	: GenuineIntel
cpu family	: 6
model		: 58
model name	: Intel(R) Core(TM) i7-3770 CPU @ 3.40GHz
stepping	: 9
microcode	: 0x1b
cpu MHz		: 1702.125
cache size	: 8192 KB
physical id	: 0
siblings	: 8
core id		: 0
cpu cores	: 4
apicid		: 1
initial apicid	: 1
fpu		: yes
fpu_exception	: yes
cpuid level	: 13
wp		: yes
flags		: fpu vme de pse tsc msr pae mce cx8 apic sep mtrr pge mca cmov pat pse36 clflush dts acpi mmx fxsr sse sse2 ss ht tm pbe syscall nx rdtscp lm constant_tsc arch_perfmon pebs bts rep_good nopl xtopology nonstop_tsc aperfmperf eagerfpu pni pclmulqdq dtes64 monitor ds_cpl vmx smx est tm2 ssse3 cx16 xtpr pdcm pcid sse4_1 sse4_2 x2apic popcnt tsc_deadline_timer aes xsave avx f16c rdrand lahf_lm ida arat epb pln pts dtherm tpr_shadow vnmi flexpriority ept vpid fsgsbase smep erms xsaveopt
bugs		:
bogomips	: 6799.95
clflush size	: 64
cache_alignment	: 64
address sizes	: 36 bits physical, 48 bits virtual
power management:

processor	: 5
vendor_id	: GenuineIntel
cpu family	: 6
model		: 58
model name	: Intel(R) Core(TM) i7-3770 CPU @ 3.40GHz
stepping	: 9
microcode	: 0x1b
cpu MHz		: 1598.796
cache size	: 8192 KB
physical id	: 0
siblings	: 8
core id		: 1
cpu cores	: 4
apicid		: 3
initial apicid	: 3
fpu		: yes
fpu_exception	: yes
cpuid level	: 13
wp		: yes
flags		: fpu vme de pse tsc msr pae mce cx8 apic sep mtrr pge mca cmov pat pse36 clflush dts acpi mmx fxsr sse sse2 ss ht tm pbe syscall nx rdtscp lm constant_tsc arch_perfmon pebs bts rep_good nopl xtopology nonstop_tsc aperfmperf eagerfpu pni pclmulqdq dtes64 monitor ds_cpl vmx smx est tm2 ssse3 cx16 xtpr pdcm pcid sse4_1 sse4_2 x2apic popcnt tsc_deadline_timer aes xsave avx f16c rdrand lahf_lm ida arat epb pln pts dtherm tpr_shadow vnmi flexpriority ept vpid fsgsbase smep erms xsaveopt
bugs		:
bogomips	: 6799.95
clflush size	: 64
cache_alignment	: 64
address sizes	: 36 bits physical, 48 bits virtual
power management:

processor	: 6
vendor_id	: GenuineIntel
cpu family	: 6
model		: 58
model name	: Intel(R) Core(TM) i7-3770 CPU @ 3.40GHz
stepping	: 9
microcode	: 0x1b
cpu MHz		: 1633.328
cache size	: 8192 KB
physical id	: 0
siblings	: 8
core id		: 2
cpu cores	: 4
apicid		: 5
initial apicid	: 5
fpu		: yes
fpu_exception	: yes
cpuid level	: 13
wp		: yes
flags		: fpu vme de pse tsc msr pae mce cx8 apic sep mtrr pge mca cmov pat pse36 clflush dts acpi mmx fxsr sse sse2 ss ht tm pbe syscall nx rdtscp lm constant_tsc arch_perfmon pebs bts rep_good nopl xtopology nonstop_tsc aperfmperf eagerfpu pni pclmulqdq dtes64 monitor ds_cpl vmx smx est tm2 ssse3 cx16 xtpr pdcm pcid sse4_1 sse4_2 x2apic popcnt tsc_deadline_timer aes xsave avx f16c rdrand lahf_lm ida arat epb pln pts dtherm tpr_shadow vnmi flexpriority ept vpid fsgsbase smep erms xsaveopt
bugs		:
bogomips	: 6799.95
clflush size	: 64
cache_alignment	: 64
address sizes	: 36 bits physical, 48 bits virtual
power management:

processor	: 7
vendor_id	: GenuineIntel
cpu family	: 6
model		: 58
model name	: Intel(R) Core(TM) i7-3770 CPU @ 3.40GHz
stepping	: 9
microcode	: 0x1b
cpu MHz		: 1603.843
cache size	: 8192 KB
physical id	: 0
siblings	: 8
core id		: 3
cpu cores	: 4
apicid		: 7
initial apicid	: 7
fpu		: yes
fpu_exception	: yes
cpuid level	: 13
wp		: yes
flags		: fpu vme de pse tsc msr pae mce cx8 apic sep mtrr pge mca cmov pat pse36 clflush dts acpi mmx fxsr sse sse2 ss ht tm pbe syscall nx rdtscp lm constant_tsc arch_perfmon pebs bts rep_good nopl xtopology nonstop_tsc aperfmperf eagerfpu pni pclmulqdq dtes64 monitor ds_cpl vmx smx est tm2 ssse3 cx16 xtpr pdcm pcid sse4_1 sse4_2 x2apic popcnt tsc_deadline_timer aes xsave avx f16c rdrand lahf_lm ida arat epb pln pts dtherm tpr_shadow vnmi flexpriority ept vpid fsgsbase smep erms xsaveopt
bugs		:
bogomips	: 6799.95
clflush size	: 64
cache_alignment	: 64
address sizes	: 36 bits physical, 48 bits virtual
power management:



Memory: 4k page, physical 8119544k(51860k free), swap 8332284k(0k free)

vm_info: Java HotSpot(TM) 64-Bit Server VM (25.77-b03) for linux-amd64 JRE (1.8.0_77-b03), built on Mar 20 2016 22:00:46 by "java_re" with gcc 4.3.0 20080428 (Red Hat 4.3.0-8)

time: Fri Apr  8 11:03:58 2016
elapsed time: 29 seconds (0d 0h 0m 29s)

